<?xml version="1.0" encoding="UTF-8" ?>
<testsuite errors="0" failures="1" hostname="CLBLAP1068" name="HelloWorldTest" skipped="0" tests="3" time="0.234" timestamp="2017-01-18T17:21:33">
  <properties>
[...]
</properties>
  <testcase classname="HelloWorldTest" name="testWillAlwaysFail" time="0.016">
    <failure message="An error message" type="junit.framework.AssertionFailedError">junit.framework.AssertionFailedError: An error message
	at HelloWorldTest.testWillAlwaysFail(Unknown Source)
</failure>
  </testcase>
  <testcase classname="HelloWorldTest" name="testWillAlwaysPass" time="0.0" />
  <testcase classname="HelloWorldTest" name="testNothing" time="0.0" />
  <system-out><![CDATA[]]></system-out>
  <system-err><![CDATA[]]></system-err>
</testsuite>
