<?xml version="1.0" encoding="UTF-8" ?>
<testsuite errors="0" failures="1" hostname="CLBLAP1068" name="HelloWorldTest" skipped="0" tests="3" time="0.37" timestamp="2017-01-17T21:03:05">
  <properties>
[...]
</properties>
  <testcase classname="HelloWorldTest" name="testWillAlwaysFail" time="0.04">
    <failure message="An error message" type="junit.framework.AssertionFailedError">junit.framework.AssertionFailedError: An error message
	at HelloWorldTest.testWillAlwaysFail(Unknown Source)
</failure>
  </testcase>
  <testcase classname="HelloWorldTest" name="testWillAlwaysPass" time="0.016" />
  <testcase classname="HelloWorldTest" name="testNothing" time="0.002" />
  <system-out><![CDATA[]]></system-out>
  <system-err><![CDATA[]]></system-err>
</testsuite>
